2025-03-31 00:55:07,390 - AutoRunesSuccess - INFO - Successfully connected to League Client
2025-03-31 00:55:07,395 - AutoRunesSuccess - INFO - WebSocket connection established
2025-03-31 00:57:26,666 - AutoRunesSuccess - INFO - Champion locked in: Mordekaiser
2025-03-31 00:57:26,751 - AutoRunesSuccess - INFO - Fetching runes for Mordekaiser using headless scraper
2025-03-31 00:57:29,940 - AutoRunesSuccess - INFO - Successfully loaded rune data for Mordekaiser
2025-03-31 00:57:30,060 - AutoRunesSuccess - INFO - Successfully created rune page for Mordekaiser
2025-03-31 00:57:30,061 - AutoRunesSuccess - INFO - Applied runes for Mordekaiser in 3.39 seconds
2025-03-31 00:59:47,241 - AutoRunesSuccess - INFO - Champion locked in: Mordekaiser
2025-03-31 00:59:47,358 - AutoRunesSuccess - INFO - Successfully created rune page for Mordekaiser
2025-03-31 00:59:47,359 - AutoRunesSuccess - INFO - Applied runes for Mordekaiser in 0.12 seconds
2025-03-31 00:59:47,401 - AutoRunesSuccess - INFO - Champion locked in: Malphite
2025-03-31 00:59:47,401 - AutoRunesSuccess - INFO - Fetching runes for Malphite using headless scraper
2025-03-31 00:59:50,648 - AutoRunesSuccess - INFO - Successfully loaded rune data for Malphite
2025-03-31 00:59:50,764 - AutoRunesSuccess - INFO - Successfully updated rune page for Malphite
2025-03-31 00:59:50,765 - AutoRunesSuccess - INFO - Applied runes for Malphite in 3.36 seconds
2025-03-31 00:59:52,992 - AutoRunesSuccess - INFO - Champion locked in: Mordekaiser
2025-03-31 00:59:53,112 - AutoRunesSuccess - INFO - Successfully updated rune page for Mordekaiser
2025-03-31 00:59:53,112 - AutoRunesSuccess - INFO - Applied runes for Mordekaiser in 0.12 seconds
2025-03-31 00:59:53,160 - AutoRunesSuccess - INFO - Champion locked in: Malphite
2025-03-31 00:59:53,284 - AutoRunesSuccess - INFO - Successfully updated rune page for Malphite
2025-03-31 00:59:53,284 - AutoRunesSuccess - INFO - Applied runes for Malphite in 0.12 seconds
2025-03-31 00:59:53,569 - AutoRunesSuccess - INFO - Champion locked in: Mordekaiser
2025-03-31 00:59:53,724 - AutoRunesSuccess - INFO - Successfully updated rune page for Mordekaiser
2025-03-31 00:59:53,724 - AutoRunesSuccess - INFO - Applied runes for Mordekaiser in 0.16 seconds
2025-03-31 00:59:53,756 - AutoRunesSuccess - INFO - Champion locked in: Malphite
2025-03-31 00:59:53,881 - AutoRunesSuccess - INFO - Successfully updated rune page for Malphite
2025-03-31 00:59:53,881 - AutoRunesSuccess - INFO - Applied runes for Malphite in 0.12 seconds
2025-03-31 00:59:53,944 - AutoRunesSuccess - INFO - Champion locked in: Mordekaiser
2025-03-31 00:59:54,053 - AutoRunesSuccess - INFO - Successfully updated rune page for Mordekaiser
2025-03-31 00:59:54,054 - AutoRunesSuccess - INFO - Applied runes for Mordekaiser in 0.11 seconds
2025-03-31 00:59:54,102 - AutoRunesSuccess - INFO - Champion locked in: Malphite
2025-03-31 00:59:54,223 - AutoRunesSuccess - INFO - Successfully updated rune page for Malphite
2025-03-31 00:59:54,223 - AutoRunesSuccess - INFO - Applied runes for Malphite in 0.12 seconds
2025-03-31 01:00:23,648 - AutoRunesSuccess - INFO - Champion locked in: Mordekaiser
2025-03-31 01:00:24,005 - AutoRunesSuccess - INFO - Successfully updated rune page for Mordekaiser
2025-03-31 01:00:24,006 - AutoRunesSuccess - INFO - Applied runes for Mordekaiser in 0.36 seconds
2025-03-31 01:00:24,054 - AutoRunesSuccess - INFO - Champion locked in: Malphite
2025-03-31 01:00:24,350 - AutoRunesSuccess - INFO - Successfully updated rune page for Malphite
2025-03-31 01:00:24,350 - AutoRunesSuccess - INFO - Applied runes for Malphite in 0.30 seconds
